<?xml version="1.0" encoding="UTF-8"?>
<!-- Generated by org.testng.reporters.JUnitReportReporter -->
<testsuite hostname="CMDNYCBA01" failures="0" tests="77" name="Followup.Medicaid.EMA" time="5.037" errors="0" timestamp="17 Jul 2020 12:43:14 GMT" skipped="0">
  <testcase classname="Followup.Medicaid.EMA" name="preRec" time="4.668"/>
  <testcase classname="Followup.Medicaid.EMA" name="Action" time="0.004"/>
  <testcase classname="Followup.Medicaid.EMA" name="Action" time="0.004"/>
  <testcase classname="Followup.Medicaid.EMA" name="Action" time="0.004"/>
  <testcase classname="Followup.Medicaid.EMA" name="Action" time="0.003"/>
  <testcase classname="Followup.Medicaid.EMA" name="Action" time="0.004"/>
  <testcase classname="Followup.Medicaid.EMA" name="Action" time="0.003"/>
  <testcase classname="Followup.Medicaid.EMA" name="Action" time="0.006"/>
  <testcase classname="Followup.Medicaid.EMA" name="Action" time="0.004"/>
  <testcase classname="Followup.Medicaid.EMA" name="Action" time="0.004"/>
  <testcase classname="Followup.Medicaid.EMA" name="Action" time="0.002"/>
  <testcase classname="Followup.Medicaid.EMA" name="Action" time="0.002"/>
  <testcase classname="Followup.Medicaid.EMA" name="Action" time="0.003"/>
  <testcase classname="Followup.Medicaid.EMA" name="Action" time="0.005"/>
  <testcase classname="Followup.Medicaid.EMA" name="Action" time="0.003"/>
  <testcase classname="Followup.Medicaid.EMA" name="Action" time="0.009"/>
  <testcase classname="Followup.Medicaid.EMA" name="Action" time="0.004"/>
  <testcase classname="Followup.Medicaid.EMA" name="Action" time="0.004"/>
  <testcase classname="Followup.Medicaid.EMA" name="Action" time="0.004"/>
  <testcase classname="Followup.Medicaid.EMA" name="Action" time="0.009"/>
  <testcase classname="Followup.Medicaid.EMA" name="Action" time="0.004"/>
  <testcase classname="Followup.Medicaid.EMA" name="Action" time="0.005"/>
  <testcase classname="Followup.Medicaid.EMA" name="Action" time="0.036"/>
  <testcase classname="Followup.Medicaid.EMA" name="Action" time="0.004"/>
  <testcase classname="Followup.Medicaid.EMA" name="Action" time="0.005"/>
  <testcase classname="Followup.Medicaid.EMA" name="Action" time="0.016"/>
  <testcase classname="Followup.Medicaid.EMA" name="Action" time="0.003"/>
  <testcase classname="Followup.Medicaid.EMA" name="Action" time="0.004"/>
  <testcase classname="Followup.Medicaid.EMA" name="Action" time="0.004"/>
  <testcase classname="Followup.Medicaid.EMA" name="Action" time="0.003"/>
  <testcase classname="Followup.Medicaid.EMA" name="Action" time="0.006"/>
  <testcase classname="Followup.Medicaid.EMA" name="Action" time="0.004"/>
  <testcase classname="Followup.Medicaid.EMA" name="Action" time="0.007"/>
  <testcase classname="Followup.Medicaid.EMA" name="Action" time="0.002"/>
  <testcase classname="Followup.Medicaid.EMA" name="Action" time="0.004"/>
  <testcase classname="Followup.Medicaid.EMA" name="Action" time="0.003"/>
  <testcase classname="Followup.Medicaid.EMA" name="Action" time="0.006"/>
  <testcase classname="Followup.Medicaid.EMA" name="Action" time="0.003"/>
  <testcase classname="Followup.Medicaid.EMA" name="Action" time="0.005"/>
  <testcase classname="Followup.Medicaid.EMA" name="Action" time="0.002"/>
  <testcase classname="Followup.Medicaid.EMA" name="Action" time="0.004"/>
  <testcase classname="Followup.Medicaid.EMA" name="Action" time="0.003"/>
  <testcase classname="Followup.Medicaid.EMA" name="Action" time="0.004"/>
  <testcase classname="Followup.Medicaid.EMA" name="Action" time="0.003"/>
  <testcase classname="Followup.Medicaid.EMA" name="Action" time="0.003"/>
  <testcase classname="Followup.Medicaid.EMA" name="Action" time="0.005"/>
  <testcase classname="Followup.Medicaid.EMA" name="Action" time="0.004"/>
  <testcase classname="Followup.Medicaid.EMA" name="Action" time="0.006"/>
  <testcase classname="Followup.Medicaid.EMA" name="Action" time="0.006"/>
  <testcase classname="Followup.Medicaid.EMA" name="Action" time="0.004"/>
  <testcase classname="Followup.Medicaid.EMA" name="Action" time="0.004"/>
  <testcase classname="Followup.Medicaid.EMA" name="Action" time="0.005"/>
  <testcase classname="Followup.Medicaid.EMA" name="Action" time="0.003"/>
  <testcase classname="Followup.Medicaid.EMA" name="Action" time="0.004"/>
  <testcase classname="Followup.Medicaid.EMA" name="Action" time="0.007"/>
  <testcase classname="Followup.Medicaid.EMA" name="Action" time="0.004"/>
  <testcase classname="Followup.Medicaid.EMA" name="Action" time="0.005"/>
  <testcase classname="Followup.Medicaid.EMA" name="Action" time="0.003"/>
  <testcase classname="Followup.Medicaid.EMA" name="Action" time="0.003"/>
  <testcase classname="Followup.Medicaid.EMA" name="Action" time="0.004"/>
  <testcase classname="Followup.Medicaid.EMA" name="Action" time="0.004"/>
  <testcase classname="Followup.Medicaid.EMA" name="Action" time="0.005"/>
  <testcase classname="Followup.Medicaid.EMA" name="Action" time="0.003"/>
  <testcase classname="Followup.Medicaid.EMA" name="Action" time="0.005"/>
  <testcase classname="Followup.Medicaid.EMA" name="Action" time="0.005"/>
  <testcase classname="Followup.Medicaid.EMA" name="Action" time="0.004"/>
  <testcase classname="Followup.Medicaid.EMA" name="Action" time="0.005"/>
  <testcase classname="Followup.Medicaid.EMA" name="Action" time="0.004"/>
  <testcase classname="Followup.Medicaid.EMA" name="Action" time="0.003"/>
  <testcase classname="Followup.Medicaid.EMA" name="Action" time="0.005"/>
  <testcase classname="Followup.Medicaid.EMA" name="Action" time="0.004"/>
  <testcase classname="Followup.Medicaid.EMA" name="Action" time="0.006"/>
  <testcase classname="Followup.Medicaid.EMA" name="Action" time="0.004"/>
  <testcase classname="Followup.Medicaid.EMA" name="Action" time="0.004"/>
  <testcase classname="Followup.Medicaid.EMA" name="Action" time="0.005"/>
  <testcase classname="Followup.Medicaid.EMA" name="Action" time="0.007"/>
  <testcase classname="Followup.Medicaid.EMA" name="Action" time="0.005"/>
</testsuite> <!-- Followup.Medicaid.EMA -->
